# JRE version: Java(TM) SE Runtime Environment (7.0_45-b18) (build 1.7.0_45-b18)
# Java VM: Java HotSpot(TM) 64-Bit Server VM (24.45-b08 mixed mode windows-amd64 compressed oops)
Heap
 PSYoungGen      total 285696K, used 185660K [0x00000000eaa80000, 0x00000000fd680000, 0x0000000100000000)
  eden space 264192K, 68% used [0x00000000eaa80000,0x00000000f5b1eb90,0x00000000fac80000)
  from space 21504K, 22% used [0x00000000fc180000,0x00000000fc6306b0,0x00000000fd680000)
  to   space 21504K, 0% used [0x00000000fac80000,0x00000000fac80000,0x00000000fc180000)
 ParOldGen       total 349696K, used 24K [0x00000000c0000000, 0x00000000d5580000, 0x00000000eaa80000)
  object space 349696K, 0% used [0x00000000c0000000,0x00000000c0006000,0x00000000d5580000)
 PSPermGen       total 21504K, used 8543K [0x00000000bae00000, 0x00000000bc300000, 0x00000000c0000000)
  object space 21504K, 39% used [0x00000000bae00000,0x00000000bb657eb8,0x00000000bc300000)
GC Heap History (8 events):
Event: 1.295 GC heap before
{Heap before GC invocations=1 (full 0):
 PSYoungGen      total 153600K, used 132096K [0x00000000eaa80000, 0x00000000f5580000, 0x0000000100000000)
  eden space 132096K, 100% used [0x00000000eaa80000,0x00000000f2b80000,0x00000000f2b80000)
  from space 21504K, 0% used [0x00000000f4080000,0x00000000f4080000,0x00000000f5580000)
  to   space 21504K, 0% used [0x00000000f2b80000,0x00000000f2b80000,0x00000000f4080000)
 ParOldGen       total 349696K, used 0K [0x00000000c0000000, 0x00000000d5580000, 0x00000000eaa80000)
  object space 349696K, 0% used [0x00000000c0000000,0x00000000c0000000,0x00000000d5580000)
 PSPermGen       total 21504K, used 8479K [0x00000000bae00000, 0x00000000bc300000, 0x00000000c0000000)
  object space 21504K, 39% used [0x00000000bae00000,0x00000000bb647cd0,0x00000000bc300000)
Event: 1.299 GC heap after
Heap after GC invocations=1 (full 0):
 PSYoungGen      total 153600K, used 2868K [0x00000000eaa80000, 0x00000000f5580000, 0x0000000100000000)
  eden space 132096K, 0% used [0x00000000eaa80000,0x00000000eaa80000,0x00000000f2b80000)
  from space 21504K, 13% used [0x00000000f2b80000,0x00000000f2e4d008,0x00000000f4080000)
  to   space 21504K, 0% used [0x00000000f4080000,0x00000000f4080000,0x00000000f5580000)
 ParOldGen       total 349696K, used 8K [0x00000000c0000000, 0x00000000d5580000, 0x00000000eaa80000)
  object space 349696K, 0% used [0x00000000c0000000,0x00000000c0002000,0x00000000d5580000)
 PSPermGen       total 21504K, used 8479K [0x00000000bae00000, 0x00000000bc300000, 0x00000000c0000000)
  object space 21504K, 39% used [0x00000000bae00000,0x00000000bb647cd0,0x00000000bc300000)
}
Event: 1.432 GC heap before
{Heap before GC invocations=2 (full 0):
 PSYoungGen      total 153600K, used 134964K [0x00000000eaa80000, 0x00000000f5580000, 0x0000000100000000)
  eden space 132096K, 100% used [0x00000000eaa80000,0x00000000f2b80000,0x00000000f2b80000)
  from space 21504K, 13% used [0x00000000f2b80000,0x00000000f2e4d008,0x00000000f4080000)
  to   space 21504K, 0% used [0x00000000f4080000,0x00000000f4080000,0x00000000f5580000)
 ParOldGen       total 349696K, used 8K [0x00000000c0000000, 0x00000000d5580000, 0x00000000eaa80000)
  object space 349696K, 0% used [0x00000000c0000000,0x00000000c0002000,0x00000000d5580000)
 PSPermGen       total 21504K, used 8480K [0x00000000bae00000, 0x00000000bc300000, 0x00000000c0000000)
  object space 21504K, 39% used [0x00000000bae00000,0x00000000bb648220,0x00000000bc300000)
Event: 1.435 GC heap after
Heap after GC invocations=2 (full 0):
 PSYoungGen      total 153600K, used 3079K [0x00000000eaa80000, 0x00000000fd680000, 0x0000000100000000)
  eden space 132096K, 0% used [0x00000000eaa80000,0x00000000eaa80000,0x00000000f2b80000)
  from space 21504K, 14% used [0x00000000f4080000,0x00000000f4381c40,0x00000000f5580000)
  to   space 21504K, 0% used [0x00000000f2b80000,0x00000000f2b80000,0x00000000f4080000)
 ParOldGen       total 349696K, used 8K [0x00000000c0000000, 0x00000000d5580000, 0x00000000eaa80000)
  object space 349696K, 0% used [0x00000000c0000000,0x00000000c0002000,0x00000000d5580000)
 PSPermGen       total 21504K, used 8480K [0x00000000bae00000, 0x00000000bc300000, 0x00000000c0000000)
  object space 21504K, 39% used [0x00000000bae00000,0x00000000bb648220,0x00000000bc300000)
}
Event: 2.828 GC heap before
{Heap before GC invocations=3 (full 0):
 PSYoungGen      total 153600K, used 135175K [0x00000000eaa80000, 0x00000000fd680000, 0x0000000100000000)
  eden space 132096K, 100% used [0x00000000eaa80000,0x00000000f2b80000,0x00000000f2b80000)
  from space 21504K, 14% used [0x00000000f4080000,0x00000000f4381c40,0x00000000f5580000)
  to   space 21504K, 0% used [0x00000000f2b80000,0x00000000f2b80000,0x00000000f4080000)
 ParOldGen       total 349696K, used 8K [0x00000000c0000000, 0x00000000d5580000, 0x00000000eaa80000)
  object space 349696K, 0% used [0x00000000c0000000,0x00000000c0002000,0x00000000d5580000)
 PSPermGen       total 21504K, used 8502K [0x00000000bae00000, 0x00000000bc300000, 0x00000000c0000000)
  object space 21504K, 39% used [0x00000000bae00000,0x00000000bb64dbf8,0x00000000bc300000)
Event: 2.855 GC heap after
Heap after GC invocations=3 (full 0):
 PSYoungGen      total 153600K, used 19712K [0x00000000eaa80000, 0x00000000fd680000, 0x0000000100000000)
  eden space 132096K, 0% used [0x00000000eaa80000,0x00000000eaa80000,0x00000000f2b80000)
  from space 21504K, 91% used [0x00000000f2b80000,0x00000000f3ec0000,0x00000000f4080000)
  to   space 21504K, 0% used [0x00000000fc180000,0x00000000fc180000,0x00000000fd680000)
 ParOldGen       total 349696K, used 16K [0x00000000c0000000, 0x00000000d5580000, 0x00000000eaa80000)
  object space 349696K, 0% used [0x00000000c0000000,0x00000000c0004000,0x00000000d5580000)
 PSPermGen       total 21504K, used 8502K [0x00000000bae00000, 0x00000000bc300000, 0x00000000c0000000)
  object space 21504K, 39% used [0x00000000bae00000,0x00000000bb64dbf8,0x00000000bc300000)
}
Event: 3.442 GC heap before
{Heap before GC invocations=4 (full 0):
 PSYoungGen      total 153600K, used 147719K [0x00000000eaa80000, 0x00000000fd680000, 0x0000000100000000)
  eden space 132096K, 96% used [0x00000000eaa80000,0x00000000f2781f38,0x00000000f2b80000)
  from space 21504K, 91% used [0x00000000f2b80000,0x00000000f3ec0000,0x00000000f4080000)
  to   space 21504K, 0% used [0x00000000fc180000,0x00000000fc180000,0x00000000fd680000)
 ParOldGen       total 349696K, used 16K [0x00000000c0000000, 0x00000000d5580000, 0x00000000eaa80000)
  object space 349696K, 0% used [0x00000000c0000000,0x00000000c0004000,0x00000000d5580000)
 PSPermGen       total 21504K, used 8532K [0x00000000bae00000, 0x00000000bc300000, 0x00000000c0000000)
  object space 21504K, 39% used [0x00000000bae00000,0x00000000bb655360,0x00000000bc300000)
Event: 3.447 GC heap after
Heap after GC invocations=4 (full 0):
 PSYoungGen      total 285696K, used 4801K [0x00000000eaa80000, 0x00000000fd680000, 0x0000000100000000)
  eden space 264192K, 0% used [0x00000000eaa80000,0x00000000eaa80000,0x00000000fac80000)
  from space 21504K, 22% used [0x00000000fc180000,0x00000000fc6306b0,0x00000000fd680000)
  to   space 21504K, 0% used [0x00000000fac80000,0x00000000fac80000,0x00000000fc180000)
 ParOldGen       total 349696K, used 24K [0x00000000c0000000, 0x00000000d5580000, 0x00000000eaa80000)
  object space 349696K, 0% used [0x00000000c0000000,0x00000000c0006000,0x00000000d5580000)
 PSPermGen       total 21504K, used 8532K [0x00000000bae00000, 0x00000000bc300000, 0x00000000c0000000)
  object space 21504K, 39% used [0x00000000bae00000,0x00000000bb655360,0x00000000bc300000)
}

