# JRE version: Java(TM) SE Runtime Environment (7.0_45-b18) (build 1.7.0_45-b18)
# Java VM: Java HotSpot(TM) Client VM (24.45-b08 mixed mode windows-x86 )
Heap
 def new generation   total 157248K, used 113850K [0x04810000, 0x0f2b0000, 0x19d60000)
  eden space 139776K,  68% used [0x04810000, 0x0a62ea68, 0x0d090000)
  from space 17472K, 100% used [0x0e1a0000, 0x0f2b0000, 0x0f2b0000)
  to   space 17472K,   0% used [0x0d090000, 0x0d090000, 0x0e1a0000)
 tenured generation   total 349568K, used 18820K [0x19d60000, 0x2f2c0000, 0x44810000)
   the space 349568K,   5% used [0x19d60000, 0x1afc1220, 0x1afc1400, 0x2f2c0000)
 compacting perm gen  total 12288K, used 5289K [0x44810000, 0x45410000, 0x48810000)
   the space 12288K,  43% used [0x44810000, 0x44d3a740, 0x44d3a800, 0x45410000)
GC Heap History (6 events):
Event: 1.071 GC heap before
{Heap before GC invocations=0 (full 0):
 def new generation   total 157248K, used 139776K [0x04810000, 0x0f2b0000, 0x19d60000)
  eden space 139776K, 100% used [0x04810000, 0x0d090000, 0x0d090000)
  from space 17472K,   0% used [0x0d090000, 0x0d090000, 0x0e1a0000)
  to   space 17472K,   0% used [0x0e1a0000, 0x0e1a0000, 0x0f2b0000)
 tenured generation   total 349568K, used 0K [0x19d60000, 0x2f2c0000, 0x44810000)
   the space 349568K,   0% used [0x19d60000, 0x19d60000, 0x19d60200, 0x2f2c0000)
 compacting perm gen  total 12288K, used 5264K [0x44810000, 0x45410000, 0x48810000)
   the space 12288K,  42% used [0x44810000, 0x44d34360, 0x44d34400, 0x45410000)
No shared spaces configured.
Event: 1.080 GC heap after
Heap after GC invocations=1 (full 0):
 def new generation   total 157248K, used 2900K [0x04810000, 0x0f2b0000, 0x19d60000)
  eden space 139776K,   0% used [0x04810000, 0x04810000, 0x0d090000)
  from space 17472K,  16% used [0x0e1a0000, 0x0e4750c0, 0x0f2b0000)
  to   space 17472K,   0% used [0x0d090000, 0x0d090000, 0x0e1a0000)
 tenured generation   total 349568K, used 0K [0x19d60000, 0x2f2c0000, 0x44810000)
   the space 349568K,   0% used [0x19d60000, 0x19d60000, 0x19d60200, 0x2f2c0000)
 compacting perm gen  total 12288K, used 5264K [0x44810000, 0x45410000, 0x48810000)
   the space 12288K,  42% used [0x44810000, 0x44d34360, 0x44d34400, 0x45410000)
No shared spaces configured.
}
Event: 2.418 GC heap before
{Heap before GC invocations=1 (full 0):
 def new generation   total 157248K, used 142676K [0x04810000, 0x0f2b0000, 0x19d60000)
  eden space 139776K, 100% used [0x04810000, 0x0d090000, 0x0d090000)
  from space 17472K,  16% used [0x0e1a0000, 0x0e4750c0, 0x0f2b0000)
  to   space 17472K,   0% used [0x0d090000, 0x0d090000, 0x0e1a0000)
 tenured generation   total 349568K, used 0K [0x19d60000, 0x2f2c0000, 0x44810000)
   the space 349568K,   0% used [0x19d60000, 0x19d60000, 0x19d60200, 0x2f2c0000)
 compacting perm gen  total 12288K, used 5264K [0x44810000, 0x45410000, 0x48810000)
   the space 12288K,  42% used [0x44810000, 0x44d34380, 0x44d34400, 0x45410000)
No shared spaces configured.
Event: 2.429 GC heap after
Heap after GC invocations=2 (full 0):
 def new generation   total 157248K, used 3933K [0x04810000, 0x0f2b0000, 0x19d60000)
  eden space 139776K,   0% used [0x04810000, 0x04810000, 0x0d090000)
  from space 17472K,  22% used [0x0d090000, 0x0d467668, 0x0e1a0000)
  to   space 17472K,   0% used [0x0e1a0000, 0x0e1a0000, 0x0f2b0000)
 tenured generation   total 349568K, used 0K [0x19d60000, 0x2f2c0000, 0x44810000)
   the space 349568K,   0% used [0x19d60000, 0x19d60000, 0x19d60200, 0x2f2c0000)
 compacting perm gen  total 12288K, used 5264K [0x44810000, 0x45410000, 0x48810000)
   the space 12288K,  42% used [0x44810000, 0x44d34380, 0x44d34400, 0x45410000)
No shared spaces configured.
}
Event: 2.620 GC heap before
{Heap before GC invocations=2 (full 0):
 def new generation   total 157248K, used 143709K [0x04810000, 0x0f2b0000, 0x19d60000)
  eden space 139776K, 100% used [0x04810000, 0x0d090000, 0x0d090000)
  from space 17472K,  22% used [0x0d090000, 0x0d467668, 0x0e1a0000)
  to   space 17472K,   0% used [0x0e1a0000, 0x0e1a0000, 0x0f2b0000)
 tenured generation   total 349568K, used 0K [0x19d60000, 0x2f2c0000, 0x44810000)
   the space 349568K,   0% used [0x19d60000, 0x19d60000, 0x19d60200, 0x2f2c0000)
 compacting perm gen  total 12288K, used 5270K [0x44810000, 0x45410000, 0x48810000)
   the space 12288K,  42% used [0x44810000, 0x44d358a8, 0x44d35a00, 0x45410000)
No shared spaces configured.
Event: 2.679 GC heap after
Heap after GC invocations=3 (full 0):
 def new generation   total 157248K, used 17472K [0x04810000, 0x0f2b0000, 0x19d60000)
  eden space 139776K,   0% used [0x04810000, 0x04810000, 0x0d090000)
  from space 17472K, 100% used [0x0e1a0000, 0x0f2b0000, 0x0f2b0000)
  to   space 17472K,   0% used [0x0d090000, 0x0d090000, 0x0e1a0000)
 tenured generation   total 349568K, used 18820K [0x19d60000, 0x2f2c0000, 0x44810000)
   the space 349568K,   5% used [0x19d60000, 0x1afc1220, 0x1afc1400, 0x2f2c0000)
 compacting perm gen  total 12288K, used 5270K [0x44810000, 0x45410000, 0x48810000)
   the space 12288K,  42% used [0x44810000, 0x44d358a8, 0x44d35a00, 0x45410000)
No shared spaces configured.
}

